[debug] [2025-08-14T10:40:04.780Z] ----------------------------------------------------------------------
[debug] [2025-08-14T10:40:04.783Z] Command:       /nix/store/ws50yvm6vzlzf7jzz6n7xh4szddrack1-nodejs-20.19.1/bin/node /nix/store/4ba3nh7p56fsnidgr9jcqnpv4k7nwwrv-firebase-tools-14.12.0/lib/node_modules/firebase-tools/lib/bin/firebase.js init hosting
[debug] [2025-08-14T10:40:04.784Z] CLI Version:   14.12.0
[debug] [2025-08-14T10:40:04.784Z] Platform:      linux
[debug] [2025-08-14T10:40:04.784Z] Node Version:  v20.19.1
[debug] [2025-08-14T10:40:04.784Z] Time:          Thu Aug 14 2025 10:40:04 GMT+0000 (Coordinated Universal Time)
[debug] [2025-08-14T10:40:04.785Z] ----------------------------------------------------------------------
[debug] 
[debug] [2025-08-14T10:40:04.791Z] No OAuth tokens found
[debug] [2025-08-14T10:40:04.792Z] No OAuth tokens found
[error] Failed to fetch Firebase Project from current Studio Workspace: Unable to refresh auth: not yet authenticated.
[debug] [2025-08-14T10:40:04.797Z] > command requires scopes: ["email","openid","https://www.googleapis.com/auth/cloudplatformprojects.readonly","https://www.googleapis.com/auth/firebase","https://www.googleapis.com/auth/cloud-platform","https://www.googleapis.com/auth/userinfo.email"]
[debug] [2025-08-14T10:40:31.211Z] Running auto auth
[info] 
     ######## #### ########  ######## ########     ###     ######  ########
     ##        ##  ##     ## ##       ##     ##  ##   ##  ##       ##
     ######    ##  ########  ######   ########  #########  ######  ######
     ##        ##  ##    ##  ##       ##     ## ##     ##       ## ##
     ##       #### ##     ## ######## ########  ##     ##  ######  ########

You're about to initialize a Firebase project in this directory:

  /home/user/soumitragoswami_vite_responsive

[info] 
=== Project Setup
[info] 
[info] First, let's associate this project directory with a Firebase project.
[info] You can create multiple project aliases by running firebase use --add, 
[info] but for now we'll just set up a default project.
[info] 
